-------------------------------------------------------- STRESS TEST PARAMETERS ---------------------------------------------------------
* Coefficient and boolean parameters
 Policy type                                   : Gaussian
 Do evaluation                                 : True
 Reward discount factor (gamma)                : 0.99
 Target smoothing coefficient (tau)            : 0.005
 Action sampling frequency coefficient (theta) : 1.5
 Maximum action sampling count per episode     : 4
 RL learning rate                              : 0.0003
 SAC's entropy temperature parameters (alpha)  : 0.2
 Do automatic entroypy tuning                  : False

* Neural networks parameters
 Set random seed                               : 25450
 SAC batch size                                : 64
 SAC replay size                               : 1000
 SAC hidden network size                       : 256
 Run training on CUDA                          : False

* Timesteps and episode parameters
 Simulator time step size                      : 0.5
 Maximum steps count over all episodes         : 100000
 Steps count for initial exploration           : 10000
 Steps count for model update                  : 1
 Steps count for target update                 : 1
 Episodes count for evaluation                 : 20
 Episodes count during evaluation              : 20

* Others
 Autopilot LOS's radius of acceptance          : 500
 Autopilot LOS's lookahead distance            : 1000

------------------------------------------------------------ TRAINING PHASE -------------------------------------------------------------

Episode: 1   , Total numsteps: 6950  , Episode steps: 6950 , Travel distanced: 4243.15, Travel time: 3475.00 Reward: 7441.38 
Status: |Route point is sampled in terminal state|
Episode: 2   , Total numsteps: 12107 , Episode steps: 5157 , Travel distanced: 4243.21, Travel time: 2578.50 Reward: 5020.08 
Status: |Route point is sampled in terminal state|
Episode: 3   , Total numsteps: 20947 , Episode steps: 8840 , Travel distanced: 1635.38, Travel time: 4420.00 Reward: 11115.17
Status: |Slow progress failure|
Episode: 4   , Total numsteps: 20948 , Episode steps: 1    , Travel distanced: 0.00  , Travel time: 0.50  Reward: -999.58 
Status: |Slow progress failure|
Episode: 5   , Total numsteps: 21978 , Episode steps: 1030 , Travel distanced: 1014.78, Travel time: 515.00 Reward: 279.07  
Status: |Map horizon hit failure|
