-------------------------------------------------------- STRESS TEST PARAMETERS ---------------------------------------------------------
* Coefficient and boolean parameters
 Policy type                                   : Gaussian
 Do evaluation                                 : True
 Reward discount factor (gamma)                : 0.99
 Target smoothing coefficient (tau)            : 0.005
 Action sampling frequency coefficient (theta) : 1.5
 Maximum action sampling count per episode     : 9
 RL learning rate                              : 0.0003
 SAC's entropy temperature parameters (alpha)  : 0.2
 Do automatic entroypy tuning                  : True

* Neural networks parameters
 Set random seed                               : 25450
 SAC batch size                                : 64
 SAC replay size                               : 1000
 SAC hidden network size                       : 256
 Run training on CUDA                          : True

* Timesteps and episode parameters
 Simulator time step size                      : 0.5
 Maximum steps count over all episodes         : 100000
 Steps count for initial exploration           : 10000
 Steps count for model update                  : 1
 Steps count for target update                 : 1
 Episodes count for evaluation                 : 20
 Episodes count during evaluation              : 20

* Others
 Autopilot LOS's radius of acceptance          : 500
 Autopilot LOS's lookahead distance            : 1000

------------------------------------------------------------ TRAINING PHASE -------------------------------------------------------------

Episode: 1   , Elapsed time (s):33.5, Total numsteps: 2725  , Episode steps: 2725 , Travel distanced: 6367.54, Travel time: 1362.50 Reward: -2040.17
Status:|Route point is sampled in terminal state|
New best policy saved at Episode 1 with Reward: -2040.17
Episode: 2   , Elapsed time (s):35.0, Total numsteps: 5524  , Episode steps: 2799 , Travel distanced: 6039.00, Travel time: 1399.50 Reward: 1383.48 
Status:|Collision failure|
New best policy saved at Episode 2 with Reward: 1383.48
Episode: 3   , Elapsed time (s):33.4, Total numsteps: 8169  , Episode steps: 2645 , Travel distanced: 6195.19, Travel time: 1322.50 Reward: 977.68  
Status:|Collision failure|
Episode: 4   , Elapsed time (s):4.8, Total numsteps: 8554  , Episode steps: 385  , Travel distanced: 492.18, Travel time: 192.50 Reward: 792.97  
Status:|Map horizon hit failure|
Episode: 5   , Elapsed time (s):3.9, Total numsteps: 8869  , Episode steps: 315  , Travel distanced: 355.70, Travel time: 157.50 Reward: 775.16  
Status:|Map horizon hit failure|
Episode: 6   , Elapsed time (s):46.1, Total numsteps: 12464 , Episode steps: 3595 , Travel distanced: 8417.14, Travel time: 1797.50 Reward: 1305.31 
Status:|Collision failure|
Episode: 7   , Elapsed time (s):78.3, Total numsteps: 18620 , Episode steps: 6156 , Travel distanced: 14411.55, Travel time: 3078.00 Reward: 2474.89 
Status:|Map horizon hit failure|
New best policy saved at Episode 7 with Reward: 2474.89
Episode: 8   , Elapsed time (s):22.8, Total numsteps: 20338 , Episode steps: 1718 , Travel distanced: 3891.08, Travel time: 859.00 Reward: 907.17  
Status:|Map horizon hit failure|
Episode: 9   , Elapsed time (s):78.2, Total numsteps: 26489 , Episode steps: 6151 , Travel distanced: 14399.00, Travel time: 3075.50 Reward: 2463.49 
Status:|Map horizon hit failure|
Episode: 10  , Elapsed time (s):22.2, Total numsteps: 28240 , Episode steps: 1751 , Travel distanced: 3981.71, Travel time: 875.50 Reward: 902.08  
Status:|Map horizon hit failure|
Episode: 11  , Elapsed time (s):4.8, Total numsteps: 28598 , Episode steps: 358  , Travel distanced: 438.04, Travel time: 179.00 Reward: 787.13  
Status:|Map horizon hit failure|
Episode: 12  , Elapsed time (s):50.8, Total numsteps: 32575 , Episode steps: 3977 , Travel distanced: 9378.55, Travel time: 1988.50 Reward: 1507.68 
Status:|Collision failure|
Episode: 13  , Elapsed time (s):79.1, Total numsteps: 38732 , Episode steps: 6157 , Travel distanced: 14413.50, Travel time: 3078.50 Reward: 2516.80 
Status:|Map horizon hit failure|
New best policy saved at Episode 13 with Reward: 2516.80
Episode: 14  , Elapsed time (s):53.3, Total numsteps: 42834 , Episode steps: 4102 , Travel distanced: 9702.33, Travel time: 2051.00 Reward: 1631.90 
Status:|Collision failure|
Episode: 15  , Elapsed time (s):77.6, Total numsteps: 48989 , Episode steps: 6155 , Travel distanced: 14405.20, Travel time: 3077.50 Reward: 2487.95 
Status:|Map horizon hit failure|
Episode: 16  , Elapsed time (s):77.0, Total numsteps: 55143 , Episode steps: 6154 , Travel distanced: 14419.06, Travel time: 3077.00 Reward: 2479.65 
Status:|Map horizon hit failure|
Episode: 17  , Elapsed time (s):22.3, Total numsteps: 56907 , Episode steps: 1764 , Travel distanced: 4016.45, Travel time: 882.00 Reward: 899.37  
Status:|Map horizon hit failure|
Episode: 18  , Elapsed time (s):77.2, Total numsteps: 63062 , Episode steps: 6155 , Travel distanced: 14410.91, Travel time: 3077.50 Reward: 2474.65 
Status:|Map horizon hit failure|
Episode: 19  , Elapsed time (s):21.8, Total numsteps: 64786 , Episode steps: 1724 , Travel distanced: 3907.47, Travel time: 862.00 Reward: 906.35  
Status:|Map horizon hit failure|
Episode: 20  , Elapsed time (s):5.3, Total numsteps: 65210 , Episode steps: 424  , Travel distanced: 573.24, Travel time: 212.00 Reward: 798.02  
Status:|Map horizon hit failure|

----------------------------------------------------------- EVALUATION PHASE ------------------------------------------------------------
Test Number: 1, Avg. Reward: 1558.15
* Failure Mode Encounters
- Blackout Failure      : 0.0%
- Mechanical Failure    : 0.0%
- Navigation Failure    : 0.0%
- Collision Failure     : 100.0%

* Other status
- Reaching endpoint     : 0.0%
- False route sampling  : 0.0%
- Not in terminal state : 0.0%
-----------------------------------------------------------------------------------------------------------------------------------------

Episode: 21  , Elapsed time (s):3.1, Total numsteps: 65440 , Episode steps: 230  , Travel distanced: 209.30, Travel time: 115.00 Reward: 758.53  
Status:|Map horizon hit failure|
Episode: 22  , Elapsed time (s):21.7, Total numsteps: 67192 , Episode steps: 1752 , Travel distanced: 3949.07, Travel time: 876.00 Reward: 954.38  
Status:|Map horizon hit failure|
Episode: 23  , Elapsed time (s):2.9, Total numsteps: 67428 , Episode steps: 236  , Travel distanced: 219.07, Travel time: 118.00 Reward: 761.66  
Status:|Map horizon hit failure|
Episode: 24  , Elapsed time (s):2.6, Total numsteps: 67629 , Episode steps: 201  , Travel distanced: 166.18, Travel time: 100.50 Reward: 752.82  
Status:|Map horizon hit failure|
Episode: 25  , Elapsed time (s):76.6, Total numsteps: 73762 , Episode steps: 6133 , Travel distanced: 14386.76, Travel time: 3066.50 Reward: 2426.74 
Status:|Map horizon hit failure|
Episode: 26  , Elapsed time (s):3.4, Total numsteps: 74013 , Episode steps: 251  , Travel distanced: 242.94, Travel time: 125.50 Reward: 763.81  
Status:|Map horizon hit failure|
Episode: 27  , Elapsed time (s):3.4, Total numsteps: 74276 , Episode steps: 263  , Travel distanced: 263.16, Travel time: 131.50 Reward: 764.50  
Status:|Map horizon hit failure|
Episode: 28  , Elapsed time (s):22.3, Total numsteps: 76044 , Episode steps: 1768 , Travel distanced: 3989.36, Travel time: 884.00 Reward: 946.04  
Status:|Map horizon hit failure|
Episode: 29  , Elapsed time (s):53.4, Total numsteps: 80283 , Episode steps: 4239 , Travel distanced: 10044.95, Travel time: 2119.50 Reward: 1770.47 
Status:|Collision failure|
